<?xml version="1.0" encoding="UTF-8"?>
<!-- Generated by org.testng.reporters.JUnitXMLReporter -->
<testsuite ignored="2" hostname="DESKTOP-2VR1CRA" failures="0" tests="4" name="Test" time="0.092" errors="0" timestamp="2023-01-25T08:38:02 IST">
  <testcase classname="test.day1" name="mobileAPI" time="0.011"/>
  <testcase classname="test.day1" name="mobileloan" time="0.001"/>
  <testcase classname="test.day1" name="mobilelogin" time="0.002"/>
  <testcase classname="test.day1" name="mobilesignout" time="0.003"/>
  <testcase classname="test.day1" name="homeloan" time="0.0">
    <ignored/>
  </testcase> <!-- homeloan -->
  <testcase classname="test.day1" name="educatinloan" time="0.0">
    <ignored/>
  </testcase> <!-- educatinloan -->
</testsuite> <!-- Test -->
