<?xml version="1.0" encoding="UTF-8"?>
<testng-results ignored="0" total="6" passed="6" failed="0" skipped="0">
  <reporter-output>
  </reporter-output>
  <suite started-at="2023-01-27T08:42:09 IST" name="Default suite" finished-at="2023-01-27T08:42:09 IST" duration-ms="105">
    <groups>
    </groups>
    <test started-at="2023-01-27T08:42:09 IST" name="Default test" finished-at="2023-01-27T08:42:09 IST" duration-ms="105">
      <class name="test.day1">
        <test-method signature="educatinloan()[pri:0, instance:test.day1@61d6015a]" started-at="2023-01-27T08:42:09 IST" name="educatinloan" finished-at="2023-01-27T08:42:09 IST" duration-ms="12" status="PASS">
          <reporter-output>
          </reporter-output>
        </test-method> <!-- educatinloan -->
        <test-method signature="homeloan()[pri:0, instance:test.day1@61d6015a]" started-at="2023-01-27T08:42:09 IST" name="homeloan" finished-at="2023-01-27T08:42:09 IST" duration-ms="2" status="PASS">
          <reporter-output>
          </reporter-output>
        </test-method> <!-- homeloan -->
        <test-method signature="mobileAPI()[pri:0, instance:test.day1@61d6015a]" started-at="2023-01-27T08:42:09 IST" name="mobileAPI" finished-at="2023-01-27T08:42:09 IST" duration-ms="2" status="PASS">
          <reporter-output>
          </reporter-output>
        </test-method> <!-- mobileAPI -->
        <test-method signature="mobileloan()[pri:0, instance:test.day1@61d6015a]" started-at="2023-01-27T08:42:09 IST" name="mobileloan" finished-at="2023-01-27T08:42:09 IST" duration-ms="2" status="PASS">
          <reporter-output>
          </reporter-output>
        </test-method> <!-- mobileloan -->
        <test-method signature="mobilelogin()[pri:0, instance:test.day1@61d6015a]" started-at="2023-01-27T08:42:09 IST" name="mobilelogin" finished-at="2023-01-27T08:42:09 IST" duration-ms="2" status="PASS">
          <reporter-output>
          </reporter-output>
        </test-method> <!-- mobilelogin -->
        <test-method signature="mobilesignout()[pri:0, instance:test.day1@61d6015a]" started-at="2023-01-27T08:42:09 IST" name="mobilesignout" finished-at="2023-01-27T08:42:09 IST" duration-ms="1" status="PASS">
          <reporter-output>
          </reporter-output>
        </test-method> <!-- mobilesignout -->
      </class> <!-- test.day1 -->
    </test> <!-- Default test -->
  </suite> <!-- Default suite -->
</testng-results>
