<?xml version="1.0" encoding="UTF-8"?>
<!-- Generated by org.testng.reporters.JUnitReportReporter -->
<testsuite hostname="DESKTOP-2VR1CRA" failures="0" tests="6" name="test.day1" time="0.021" errors="0" timestamp="2023-01-27T08:42:09 IST" skipped="0">
  <testcase classname="test.day1" name="educatinloan" time="0.012"/>
  <system-out/>
  <testcase classname="test.day1" name="mobileAPI" time="0.002"/>
  <system-out/>
  <testcase classname="test.day1" name="mobilelogin" time="0.002"/>
  <system-out/>
  <testcase classname="test.day1" name="mobileloan" time="0.002"/>
  <system-out/>
  <testcase classname="test.day1" name="homeloan" time="0.002"/>
  <system-out/>
  <testcase classname="test.day1" name="mobilesignout" time="0.001"/>
  <system-out/>
</testsuite> <!-- test.day1 -->
